USER         PID %CPU %MEM    VSZ   RSS TTY      STAT START   TIME COMMAND
root           1  0.1  0.3  21672 12672 ?        Ss   10:40   0:00 /sbin/init
root           2  0.0  0.0   3124  2176 ?        Sl   10:40   0:00 /init
root           6  0.0  0.0   3120  1792 ?        Sl   10:40   0:00 plan9 --control-socket 7 --log-level 4 --server-fd 8 --pipe-fd 10 --log-truncate
root          42  0.0  0.3  34040 12160 ?        S<s  10:40   0:00 /usr/lib/systemd/systemd-journald
root          98  0.0  0.1  25520  6656 ?        Ss   10:40   0:00 /usr/lib/systemd/systemd-udevd
systemd+     110  0.0  0.3  21460 12672 ?        Ss   10:40   0:00 /usr/lib/systemd/systemd-resolved
systemd+     111  0.0  0.1  91028  7680 ?        Ssl  10:40   0:00 /usr/lib/systemd/systemd-timesyncd
root         151  0.0  0.0   4236  2560 ?        Ss   10:40   0:00 /usr/sbin/cron -f -P
message+     152  0.0  0.1   9520  5120 ?        Ss   10:40   0:00 @dbus-daemon --system --address=systemd: --nofork --nopidfile --systemd-activation --syslog-only
root         159  0.0  0.2  17964  8448 ?        Ss   10:40   0:00 /usr/lib/systemd/systemd-logind
root         161  0.0  0.3 1608644 12800 ?       Ssl  10:40   0:00 /usr/libexec/wsl-pro-service
root         163  0.0  0.0   3160  1920 hvc0     Ss+  10:40   0:00 /sbin/agetty -o -p -- \u --noclear --keep-baud - 115200,38400,9600 vt220
syslog       175  0.0  0.1 222508  5632 ?        Ssl  10:40   0:00 /usr/sbin/rsyslogd -n -iNONE
root         179  0.0  0.5 107028 22528 ?        Ssl  10:40   0:00 /usr/bin/python3 /usr/share/unattended-upgrades/unattended-upgrade-shutdown --wait-for-signal
root         183  0.0  0.0   3116  1920 tty1     Ss+  10:40   0:00 /sbin/agetty -o -p -- \u --noclear - linux
root         269  0.0  0.1   6672  4224 pts/1    Ss   10:40   0:00 /bin/login -f
root         312  0.0  0.2  20308 11136 ?        Ss   10:41   0:00 /usr/lib/systemd/systemd --user
root         313  0.0  0.0  21168  3384 ?        S    10:41   0:00 (sd-pam)
root         337  0.0  0.1   6072  5120 pts/1    S+   10:41   0:00 -bash
root         395  0.0  0.0   3128   908 ?        Ss   10:41   0:00 /init
root         396  0.0  0.0   3144  1296 ?        S    10:41   0:00 /init
root         397  0.0  0.0   2800  1536 pts/0    Ss+  10:41   0:00 sh -c "$VSCODE_WSL_EXT_LOCATION/scripts/wslServer.sh" 560a9dba96f961efea7b1612916f89e5d5d4d679 stable code-server .vscode-server --host=127.0.0.1 --port=0 --connection-token=1952725201-3158479631-1475998019-1994146097 --use-host-proxy --without-browser-env-var --disable-websocket-compression --accept-server-license-terms --telemetry-level=all
root         398  0.0  0.0   2800  1664 pts/0    S+   10:41   0:00 sh /mnt/c/Users/anr_l/.vscode/extensions/ms-vscode-remote.remote-wsl-0.104.3/scripts/wslServer.sh 560a9dba96f961efea7b1612916f89e5d5d4d679 stable code-server .vscode-server --host=127.0.0.1 --port=0 --connection-token=1952725201-3158479631-1475998019-1994146097 --use-host-proxy --without-browser-env-var --disable-websocket-compression --accept-server-license-terms --telemetry-level=all
root         475  0.0  0.0   2800  1792 pts/0    S+   10:41   0:00 sh /root/.vscode-server/bin/560a9dba96f961efea7b1612916f89e5d5d4d679/bin/code-server --host=127.0.0.1 --port=0 --connection-token=1952725201-3158479631-1475998019-1994146097 --use-host-proxy --without-browser-env-var --disable-websocket-compression --accept-server-license-terms --telemetry-level=all
root         479  2.0  4.3 11897892 171332 pts/0 Sl+  10:41   0:07 /root/.vscode-server/bin/560a9dba96f961efea7b1612916f89e5d5d4d679/node /root/.vscode-server/bin/560a9dba96f961efea7b1612916f89e5d5d4d679/out/server-main.js --host=127.0.0.1 --port=0 --connection-token=1952725201-3158479631-1475998019-1994146097 --use-host-proxy --without-browser-env-var --disable-websocket-compression --accept-server-license-terms --telemetry-level=all
root        1230  0.0  0.0   3140  1036 ?        Ss   10:44   0:00 /init
root        1231  0.0  0.0   3140  1172 ?        S    10:44   0:00 /init
root        1232  0.2  1.6 957460 63360 pts/2    Ssl+ 10:44   0:00 /root/.vscode-server/bin/560a9dba96f961efea7b1612916f89e5d5d4d679/node -e const net = require('net'); process.stdin.pause(); const client = net.createConnection({ host: '127.0.0.1', port: 40213 }, () => { client.pipe(process.stdout); process.stdin.pipe(client); }); client.on('close', function (hadError) { console.error(hadError ? 'Remote close with error' : 'Remote close'); process.exit(hadError ? 1 : 0); }); client.on('error', function (err) { process.stderr.write(err && (err.stack || err.message) || String(err)); });
root        1239  0.0  0.0   3140  1036 ?        Ss   10:44   0:00 /init
root        1240  0.0  0.0   3140  1172 ?        S    10:44   0:00 /init
root        1241  0.1  1.5 1132336 59420 pts/0   Sl+  10:44   0:00 /root/.vscode-server/bin/560a9dba96f961efea7b1612916f89e5d5d4d679/node /root/.vscode-server/bin/560a9dba96f961efea7b1612916f89e5d5d4d679/out/bootstrap-fork --type=fileWatcher
root        1242  0.1  1.3 1013120 53240 pts/3   Ssl+ 10:44   0:00 /root/.vscode-server/bin/560a9dba96f961efea7b1612916f89e5d5d4d679/node -e const net = require('net'); process.stdin.pause(); const client = net.createConnection({ host: '127.0.0.1', port: 40213 }, () => { client.pipe(process.stdout); process.stdin.pipe(client); }); client.on('close', function (hadError) { console.error(hadError ? 'Remote close with error' : 'Remote close'); process.exit(hadError ? 1 : 0); }); client.on('error', function (err) { process.stderr.write(err && (err.stack || err.message) || String(err)); });
root        1259  4.6  4.3 33472792 174028 pts/0 Sl+  10:44   0:07 /root/.vscode-server/bin/560a9dba96f961efea7b1612916f89e5d5d4d679/node --dns-result-order=ipv4first /root/.vscode-server/bin/560a9dba96f961efea7b1612916f89e5d5d4d679/out/bootstrap-fork --type=extensionHost --transformURIs --useHostProxy=true
root        1554  0.5  1.7 1065448 70328 pts/0   Sl+  10:46   0:00 /root/.vscode-server/bin/560a9dba96f961efea7b1612916f89e5d5d4d679/node /root/.vscode-server/bin/560a9dba96f961efea7b1612916f89e5d5d4d679/out/bootstrap-fork --type=ptyHost --logsPath /root/.vscode-server/data/logs/20260420T104115
root        1565  0.0  0.1   5288  4096 pts/4    Ss   10:46   0:00 /bin/bash --init-file /root/.vscode-server/bin/560a9dba96f961efea7b1612916f89e5d5d4d679/out/vs/workbench/contrib/terminal/common/scripts/shellIntegration-bash.sh
root        2069  0.0  0.0   4752  3328 pts/4    S+   10:47   0:00 /bin/bash ./linux_check.sh
root        2070  0.0  0.0   2800  1664 pts/0    S+   10:47   0:00 /bin/sh -c "/root/.vscode-server/bin/560a9dba96f961efea7b1612916f89e5d5d4d679/out/vs/base/node/cpuUsage.sh" 1565
root        2071  0.0  0.0   4752  3328 pts/0    S+   10:47   0:00 /bin/bash /root/.vscode-server/bin/560a9dba96f961efea7b1612916f89e5d5d4d679/out/vs/base/node/cpuUsage.sh 1565
root        2074  0.0  0.0   3124  1792 pts/0    S+   10:47   0:00 sleep 1
root        2077  0.0  0.1   8280  4224 pts/4    R+   10:47   0:00 ps aux
